#
# There is insufficient memory for the Java Runtime Environment to continue.
# Native memory allocation (mmap) failed to map 1073741824 bytes for Failed to commit area from 0x0000000401000000 to 0x0000000441000000 of length 1073741824.
# Possible reasons:
#   The system is out of physical RAM or swap space
#   The process is running with CompressedOops enabled, and the Java Heap may be blocking the growth of the native heap
# Possible solutions:
#   Reduce memory load on the system
#   Increase physical memory or swap space
#   Check if swap backing store is full
#   Decrease Java heap size (-Xmx/-Xms)
#   Decrease number of Java threads
#   Decrease Java thread stack sizes (-Xss)
#   Set larger code cache with -XX:ReservedCodeCacheSize=
# This output file may be truncated or incomplete.
#
#  Out of Memory Error (./src/hotspot/os/windows/os_windows.cpp:3386), pid=40580, tid=39784
#
# JRE version:  (11.0.17+8) (build )
# Java VM: OpenJDK 64-Bit Server VM (11.0.17+8-LTS, mixed mode, sharing, tiered, compressed oops, g1 gc, windows-amd64)
# No core dump will be written. Minidumps are not enabled by default on client versions of Windows
#

---------------  S U M M A R Y ------------

Command Line: 

Host: AMD Ryzen 9 3950X 16-Core Processor            , 32 cores, 63G,  Windows 11 , 64 bit Build 22621 (10.0.22621.1344)
Time: Sun Apr  9 12:22:26 2023 GMT Summer Time elapsed time: 0.026458 seconds (0d 0h 0m 0s)

---------------  T H R E A D  ---------------

Current thread (0x0000018ba3f15000):  JavaThread "Unknown thread" [_thread_in_vm, id=39784, stack(0x00000074d0b00000,0x00000074d0c00000)]

Stack: [0x00000074d0b00000,0x00000074d0c00000]
Native frames: (J=compiled Java code, j=interpreted, Vv=VM code, C=native code)
V  [jvm.dll+0x61f66a]
V  [jvm.dll+0x7ac889]
V  [jvm.dll+0x7adf78]
V  [jvm.dll+0x7ae653]
V  [jvm.dll+0x24fbe8]
V  [jvm.dll+0x61c97a]
V  [jvm.dll+0x611105]
V  [jvm.dll+0x307b2c]
V  [jvm.dll+0x3079b2]
V  [jvm.dll+0x30c6c6]
V  [jvm.dll+0x352d5f]
V  [jvm.dll+0x352790]
V  [jvm.dll+0x2e4b38]
V  [jvm.dll+0x2e5c96]
V  [jvm.dll+0x7866c7]
V  [jvm.dll+0x787e4f]
V  [jvm.dll+0x35fac9]
V  [jvm.dll+0x769630]
V  [jvm.dll+0x3cd5ef]
V  [jvm.dll+0x3cf981]
C  [jli.dll+0x5207]
C  [ucrtbase.dll+0x29363]
C  [KERNEL32.DLL+0x126bd]
C  [ntdll.dll+0x5a9f8]


---------------  P R O C E S S  ---------------

Threads class SMR info:
_java_thread_list=0x0000018ba1bc84c0, length=0, elements={
}

Java Threads: ( => current thread )

Other Threads:
  0x0000018ba3f30000 GCTaskThread "GC Thread#0" [stack: 0x00000074d0c00000,0x00000074d0d00000] [id=39180]
  0x0000018ba3fee000 ConcurrentGCThread "G1 Main Marker" [stack: 0x00000074d0d00000,0x00000074d0e00000] [id=33060]
  0x0000018be2bd1800 ConcurrentGCThread "G1 Conc#0" [stack: 0x00000074d0e00000,0x00000074d0f00000] [id=18136]

[error occurred during error reporting (printing all threads), id 0xc0000005, EXCEPTION_ACCESS_VIOLATION (0xc0000005) at pc=0x00007ffae9944307]

VM state:not at safepoint (not fully initialized)

VM Mutex/Monitor currently owned by a thread:  ([mutex/lock_event])
[0x0000018ba3f147d0] Heap_lock - owner thread: 0x0000018ba3f15000

Heap address: 0x0000000401000000, size: 16368 MB, Compressed Oops mode: Non-zero based: 0x0000000401000000
Narrow klass base: 0x0000000000000000, Narrow klass shift: 0

GC Heap History (0 events):
No events

Deoptimization events (0 events):
No events

Classes redefined (0 events):
No events

Internal exceptions (0 events):
No events

Events (1 events):
Event: 0.015 Loaded shared library C:\Program Files\Amazon Corretto\jdk11.0.17_8\bin\zip.dll


Dynamic libraries:
0x00007ff78dec0000 - 0x00007ff78decd000 	C:\Program Files\Amazon Corretto\jdk11.0.17_8\bin\java.exe
0x00007ffbfaed0000 - 0x00007ffbfb0e4000 	C:\WINDOWS\SYSTEM32\ntdll.dll
0x00007ffbf9600000 - 0x00007ffbf96c3000 	C:\WINDOWS\System32\KERNEL32.DLL
0x00007ffbf86e0000 - 0x00007ffbf8a7c000 	C:\WINDOWS\System32\KERNELBASE.dll
0x00007ffbf8480000 - 0x00007ffbf8591000 	C:\WINDOWS\System32\ucrtbase.dll
0x00007ffbdd350000 - 0x00007ffbdd367000 	C:\Program Files\Amazon Corretto\jdk11.0.17_8\bin\jli.dll
0x00007ffbdd330000 - 0x00007ffbdd349000 	C:\Program Files\Amazon Corretto\jdk11.0.17_8\bin\VCRUNTIME140.dll
0x00007ffbf9ce0000 - 0x00007ffbf9e8d000 	C:\WINDOWS\System32\USER32.dll
0x00007ffbf8a80000 - 0x00007ffbf8aa6000 	C:\WINDOWS\System32\win32u.dll
0x00007ffbe95b0000 - 0x00007ffbe983e000 	C:\WINDOWS\WinSxS\amd64_microsoft.windows.common-controls_6595b64144ccf1df_6.0.22621.608_none_a9444ca7c10bb01d\COMCTL32.dll
0x00007ffbf8ce0000 - 0x00007ffbf8d09000 	C:\WINDOWS\System32\GDI32.dll
0x00007ffbf8fb0000 - 0x00007ffbf9057000 	C:\WINDOWS\System32\msvcrt.dll
0x00007ffbf8ab0000 - 0x00007ffbf8bc3000 	C:\WINDOWS\System32\gdi32full.dll
0x00007ffbf8bd0000 - 0x00007ffbf8c6a000 	C:\WINDOWS\System32\msvcp_win.dll
0x00007ffbf8f60000 - 0x00007ffbf8f91000 	C:\WINDOWS\System32\IMM32.DLL
0x00007ffbc9cb0000 - 0x00007ffbc9d4b000 	C:\Program Files\Amazon Corretto\jdk11.0.17_8\bin\msvcp140.dll
0x00007ffae9650000 - 0x00007ffaea1d5000 	C:\Program Files\Amazon Corretto\jdk11.0.17_8\bin\server\jvm.dll
0x00007ffbf8eb0000 - 0x00007ffbf8f5e000 	C:\WINDOWS\System32\ADVAPI32.dll
0x00007ffbf9840000 - 0x00007ffbf98e4000 	C:\WINDOWS\System32\sechost.dll
0x00007ffbf90f0000 - 0x00007ffbf9205000 	C:\WINDOWS\System32\RPCRT4.dll
0x00007ffbf9830000 - 0x00007ffbf9838000 	C:\WINDOWS\System32\PSAPI.DLL
0x00007ffbf4fc0000 - 0x00007ffbf4fc9000 	C:\WINDOWS\SYSTEM32\WSOCK32.dll
0x00007ffbf0fd0000 - 0x00007ffbf1004000 	C:\WINDOWS\SYSTEM32\WINMM.dll
0x00007ffbf7000000 - 0x00007ffbf700a000 	C:\WINDOWS\SYSTEM32\VERSION.dll
0x00007ffbf8e30000 - 0x00007ffbf8ea1000 	C:\WINDOWS\System32\WS2_32.dll
0x00007ffbf7450000 - 0x00007ffbf7468000 	C:\WINDOWS\SYSTEM32\kernel.appcore.dll
0x00007ffbdee00000 - 0x00007ffbdee10000 	C:\Program Files\Amazon Corretto\jdk11.0.17_8\bin\verify.dll
0x00007ffbea200000 - 0x00007ffbea42e000 	C:\WINDOWS\SYSTEM32\DBGHELP.DLL
0x00007ffbf9270000 - 0x00007ffbf95f9000 	C:\WINDOWS\System32\combase.dll
0x00007ffbf96d0000 - 0x00007ffbf97a7000 	C:\WINDOWS\System32\OLEAUT32.dll
0x00007ffbe08b0000 - 0x00007ffbe08e2000 	C:\WINDOWS\SYSTEM32\dbgcore.DLL
0x00007ffbf8660000 - 0x00007ffbf86db000 	C:\WINDOWS\System32\bcryptPrimitives.dll
0x00007ffbd7f70000 - 0x00007ffbd7f98000 	C:\Program Files\Amazon Corretto\jdk11.0.17_8\bin\java.dll
0x00007ffbdd2b0000 - 0x00007ffbdd2ba000 	C:\Program Files\Amazon Corretto\jdk11.0.17_8\bin\jimage.dll
0x00007ffbd7f50000 - 0x00007ffbd7f68000 	C:\Program Files\Amazon Corretto\jdk11.0.17_8\bin\zip.dll

dbghelp: loaded successfully - version: 4.0.5 - missing functions: none
symbol engine: initialized successfully - sym options: 0x614 - pdb path: .;C:\Program Files\Amazon Corretto\jdk11.0.17_8\bin;C:\WINDOWS\SYSTEM32;C:\WINDOWS\WinSxS\amd64_microsoft.windows.common-controls_6595b64144ccf1df_6.0.22621.608_none_a9444ca7c10bb01d;C:\Program Files\Amazon Corretto\jdk11.0.17_8\bin\server

VM Arguments:
java_command: <unknown>
java_class_path (initial): <not set>
Launcher Type: SUN_STANDARD

[Global flags]
     intx CICompilerCount                          = 15                                        {product} {ergonomic}
     uint ConcGCThreads                            = 6                                         {product} {ergonomic}
     uint G1ConcRefinementThreads                  = 23                                        {product} {ergonomic}
   size_t G1HeapRegionSize                         = 4194304                                   {product} {ergonomic}
    uintx GCDrainStackTargetSize                   = 64                                        {product} {ergonomic}
   size_t InitialHeapSize                          = 1073741824                                {product} {ergonomic}
   size_t MarkStackSize                            = 4194304                                   {product} {ergonomic}
   size_t MaxHeapSize                              = 17163091968                               {product} {ergonomic}
   size_t MinHeapDeltaBytes                        = 4194304                                   {product} {ergonomic}
    uintx NonNMethodCodeHeapSize                   = 8182140                                {pd product} {ergonomic}
    uintx NonProfiledCodeHeapSize                  = 121738050                              {pd product} {ergonomic}
    uintx ProfiledCodeHeapSize                     = 121738050                              {pd product} {ergonomic}
    uintx ReservedCodeCacheSize                    = 251658240                              {pd product} {ergonomic}
     bool SegmentedCodeCache                       = true                                      {product} {ergonomic}
     bool UseCompressedClassPointers               = true                                 {lp64_product} {ergonomic}
     bool UseCompressedOops                        = true                                 {lp64_product} {ergonomic}
     bool UseG1GC                                  = true                                      {product} {ergonomic}
     bool UseLargePagesIndividualAllocation        = false                                  {pd product} {ergonomic}

Logging:
Log output configuration:
 #0: stdout all=warning uptime,level,tags
 #1: stderr all=off uptime,level,tags

Environment Variables:
JAVA_HOME=C:\Program Files\Amazon Corretto\jdk11.0.17_8
PATH=C:\Program Files\Amazon Corretto\jdk11.0.17_8\bin;C:\WINDOWS\system32;C:\WINDOWS;C:\WINDOWS\System32\Wbem;C:\WINDOWS\System32\WindowsPowerShell\v1.0\;C:\WINDOWS\System32\OpenSSH\;C:\Program Files\dotnet\;C:\Program Files\Git\cmd;C:\Program Files\Calibre2\;C:\Program Files (x86)\NVIDIA Corporation\PhysX\Common;C:\Users\sydney\AppData\Local\Microsoft\WindowsApps;C:\Users\sydney\AppData\Local\Programs\Microsoft VS Code\bin
USERNAME=sydney
OS=Windows_NT
PROCESSOR_IDENTIFIER=AMD64 Family 23 Model 113 Stepping 0, AuthenticAMD
TMP=C:\Users\sydney\AppData\Local\Temp
TEMP=C:\Users\sydney\AppData\Local\Temp



---------------  S Y S T E M  ---------------

OS: Windows 11 , 64 bit Build 22621 (10.0.22621.1344)
OS uptime: 4 days 17:51 hours

CPU:total 32 (initial active 32) (32 cores per cpu, 2 threads per core) family 23 model 113 stepping 0 microcode 0x0, cmov, cx8, fxsr, mmx, sse, sse2, sse3, ssse3, sse4.1, sse4.2, popcnt, avx, avx2, aes, clmul, mmxext, 3dnowpref, lzcnt, sse4a, ht, tsc, tscinvbit, tscinv, bmi1, bmi2, adx, sha, fma

Memory: 4k page, system-wide physical 65462M (35203M free)
TotalPageFile size 65462M (AvailPageFile size 525M)
current process WorkingSet (physical memory assigned to process): 11M, peak: 11M
current process commit charge ("private bytes"): 93M, peak: 1117M

vm_info: OpenJDK 64-Bit Server VM (11.0.17+8-LTS) for windows-amd64 JRE (11.0.17+8-LTS), built on Oct 14 2022 18:02:01 by "Administrator" with MS VC++ 15.9 (VS2017)

END.
